[debug] [2023-04-27T11:01:32.967Z] ----------------------------------------------------------------------
[debug] [2023-04-27T11:01:32.970Z] Command:       C:\Program Files\nodejs\node.exe C:\Users\Jack\AppData\Roaming\npm\node_modules\firebase-tools\lib\bin\firebase.js init
[debug] [2023-04-27T11:01:32.971Z] CLI Version:   11.29.1
[debug] [2023-04-27T11:01:32.971Z] Platform:      win32
[debug] [2023-04-27T11:01:32.972Z] Node Version:  v18.16.0
[debug] [2023-04-27T11:01:32.973Z] Time:          Thu Apr 27 2023 14:01:32 GMT+0300 (East Africa Time)
[debug] [2023-04-27T11:01:32.974Z] ----------------------------------------------------------------------
[debug] 
[debug] [2023-04-27T11:01:32.987Z] > command requires scopes: ["email","openid","https://www.googleapis.com/auth/cloudplatformprojects.readonly","https://www.googleapis.com/auth/firebase","https://www.googleapis.com/auth/cloud-platform"]
[debug] [2023-04-27T11:01:32.988Z] > authorizing via signed-in user (ojangoh2@gmail.com)
[info] 
     ######## #### ########  ######## ########     ###     ######  ########
     ##        ##  ##     ## ##       ##     ##  ##   ##  ##       ##
     ######    ##  ########  ######   ########  #########  ######  ######
     ##        ##  ##    ##  ##       ##     ## ##     ##       ## ##
     ##       #### ##     ## ######## ########  ##     ##  ######  ########

You're about to initialize a Firebase project in this directory:

  C:\Users\Jack\Desktop\Projects\KABU_Complaint

[info] 
=== Project Setup
[info] 
[info] First, let's associate this project directory with a Firebase project.
[info] You can create multiple project aliases by running firebase use --add, 
[info] but for now we'll just set up a default project.
[info] 
[debug] [2023-04-27T11:03:20.534Z] >>> [apiv2][query] GET https://firebase.googleapis.com/v1beta1/projects pageSize=100
[debug] [2023-04-27T11:03:21.453Z] <<< [apiv2][status] GET https://firebase.googleapis.com/v1beta1/projects 200
[debug] [2023-04-27T11:03:21.454Z] <<< [apiv2][body] GET https://firebase.googleapis.com/v1beta1/projects [omitted]
[info] i  Using project kabucomplaints (KABUComplaints) 
[info] 
=== Hosting Setup
[info] 
[info] Your public directory is the folder (relative to your project directory) that
[info] will contain Hosting assets to be uploaded with firebase deploy. If you
[info] have a build process for your assets, use your build's output directory.
[info] 
